androidApp/build/intermediates/manifest_merge_blame_file/release/processReleaseMainManifest/manifest-merger-blame-release-report.txt
1<?xml version="1.0" encoding="utf-8"?>
2<manifest xmlns:android="http://schemas.android.com/apk/res/android"
3    package="com.happyminds.thepattapp"
4    android:versionCode="1"
5    android:versionName="1.0" >
6
7    <uses-sdk
8        android:minSdkVersion="30"
9        android:targetSdkVersion="36" />
10
11    <permission
11-->[androidx.core:core:1.18.0] AndroidManifest.xml:22:5-24:47
12        android:name="com.happyminds.thepattapp.DYNAMIC_RECEIVER_NOT_EXPORTED_PERMISSION"
12-->[androidx.core:core:1.18.0] AndroidManifest.xml:23:9-81
13        android:protectionLevel="signature" />
13-->[androidx.core:core:1.18.0] AndroidManifest.xml:24:9-44
14
15    <uses-permission android:name="com.happyminds.thepattapp.DYNAMIC_RECEIVER_NOT_EXPORTED_PERMISSION" />
15-->[androidx.core:core:1.18.0] AndroidManifest.xml:26:5-97
15-->[androidx.core:core:1.18.0] AndroidManifest.xml:26:22-94
16
17    <application
17-->src/main/AndroidManifest.xml:4:5-20:19
18        android:allowBackup="true"
18-->src/main/AndroidManifest.xml:5:9-35
19        android:appComponentFactory="androidx.core.app.CoreComponentFactory"
19-->[androidx.core:core:1.18.0] AndroidManifest.xml:28:18-86
20        android:extractNativeLibs="false"
21        android:icon="@mipmap/ic_launcher"
21-->src/main/AndroidManifest.xml:6:9-43
22        android:label="@string/app_name"
22-->src/main/AndroidManifest.xml:7:9-41
23        android:roundIcon="@mipmap/ic_launcher_round"
23-->src/main/AndroidManifest.xml:8:9-54
24        android:supportsRtl="true"
24-->src/main/AndroidManifest.xml:9:9-35
25        android:theme="@android:style/Theme.Material.Light.NoActionBar" >
25-->src/main/AndroidManifest.xml:10:9-72
26        <activity
26-->src/main/AndroidManifest.xml:11:9-19:20
27            android:name="com.happyminds.thepattapp.MainActivity"
27-->src/main/AndroidManifest.xml:13:13-41
28            android:exported="true" >
28-->src/main/AndroidManifest.xml:12:13-36
29            <intent-filter>
29-->src/main/AndroidManifest.xml:14:13-18:29
30                <action android:name="android.intent.action.MAIN" />
30-->src/main/AndroidManifest.xml:15:17-69
30-->src/main/AndroidManifest.xml:15:25-66
31
32                <category android:name="android.intent.category.LAUNCHER" />
32-->src/main/AndroidManifest.xml:17:17-77
32-->src/main/AndroidManifest.xml:17:27-74
33            </intent-filter>
34        </activity>
35
36        <provider
36-->[org.jetbrains.compose.components:components-resources-android:1.11.1] AndroidManifest.xml:8:9-13:20
37            android:name="org.jetbrains.compose.resources.AndroidContextProvider"
37-->[org.jetbrains.compose.components:components-resources-android:1.11.1] AndroidManifest.xml:9:13-82
38            android:authorities="com.happyminds.thepattapp.resources.AndroidContextProvider"
38-->[org.jetbrains.compose.components:components-resources-android:1.11.1] AndroidManifest.xml:10:13-84
39            android:enabled="true"
39-->[org.jetbrains.compose.components:components-resources-android:1.11.1] AndroidManifest.xml:11:13-35
40            android:exported="false" >
40-->[org.jetbrains.compose.components:components-resources-android:1.11.1] AndroidManifest.xml:12:13-37
41        </provider>
42
43        <uses-library
43-->[androidx.window:window:1.5.0] AndroidManifest.xml:23:9-25:40
44            android:name="androidx.window.extensions"
44-->[androidx.window:window:1.5.0] AndroidManifest.xml:24:13-54
45            android:required="false" />
45-->[androidx.window:window:1.5.0] AndroidManifest.xml:25:13-37
46        <uses-library
46-->[androidx.window:window:1.5.0] AndroidManifest.xml:26:9-28:40
47            android:name="androidx.window.sidecar"
47-->[androidx.window:window:1.5.0] AndroidManifest.xml:27:13-51
48            android:required="false" />
48-->[androidx.window:window:1.5.0] AndroidManifest.xml:28:13-37
49
50        <provider
50-->[androidx.emoji2:emoji2:1.4.0] AndroidManifest.xml:24:9-32:20
51            android:name="androidx.startup.InitializationProvider"
51-->[androidx.emoji2:emoji2:1.4.0] AndroidManifest.xml:25:13-67
52            android:authorities="com.happyminds.thepattapp.androidx-startup"
52-->[androidx.emoji2:emoji2:1.4.0] AndroidManifest.xml:26:13-68
53            android:exported="false" >
53-->[androidx.emoji2:emoji2:1.4.0] AndroidManifest.xml:27:13-37
54            <meta-data
54-->[androidx.emoji2:emoji2:1.4.0] AndroidManifest.xml:29:13-31:52
55                android:name="androidx.emoji2.text.EmojiCompatInitializer"
55-->[androidx.emoji2:emoji2:1.4.0] AndroidManifest.xml:30:17-75
56                android:value="androidx.startup" />
56-->[androidx.emoji2:emoji2:1.4.0] AndroidManifest.xml:31:17-49
57            <meta-data
57-->[androidx.lifecycle:lifecycle-process:2.11.0-beta01] AndroidManifest.xml:29:13-31:52
58                android:name="androidx.lifecycle.ProcessLifecycleInitializer"
58-->[androidx.lifecycle:lifecycle-process:2.11.0-beta01] AndroidManifest.xml:30:17-78
59                android:value="androidx.startup" />
59-->[androidx.lifecycle:lifecycle-process:2.11.0-beta01] AndroidManifest.xml:31:17-49
60            <meta-data
60-->[androidx.profileinstaller:profileinstaller:1.4.0] AndroidManifest.xml:29:13-31:52
61                android:name="androidx.profileinstaller.ProfileInstallerInitializer"
61-->[androidx.profileinstaller:profileinstaller:1.4.0] AndroidManifest.xml:30:17-85
62                android:value="androidx.startup" />
62-->[androidx.profileinstaller:profileinstaller:1.4.0] AndroidManifest.xml:31:17-49
63        </provider>
64
65        <service
65-->[androidx.room:room-runtime-android:2.7.0-alpha12] AndroidManifest.xml:24:9-28:63
66            android:name="androidx.room.MultiInstanceInvalidationService"
66-->[androidx.room:room-runtime-android:2.7.0-alpha12] AndroidManifest.xml:25:13-74
67            android:directBootAware="true"
67-->[androidx.room:room-runtime-android:2.7.0-alpha12] AndroidManifest.xml:26:13-43
68            android:exported="false" />
68-->[androidx.room:room-runtime-android:2.7.0-alpha12] AndroidManifest.xml:27:13-37
69
70        <receiver
70-->[androidx.profileinstaller:profileinstaller:1.4.0] AndroidManifest.xml:34:9-52:20
71            android:name="androidx.profileinstaller.ProfileInstallReceiver"
71-->[androidx.profileinstaller:profileinstaller:1.4.0] AndroidManifest.xml:35:13-76
72            android:directBootAware="false"
72-->[androidx.profileinstaller:profileinstaller:1.4.0] AndroidManifest.xml:36:13-44
73            android:enabled="true"
73-->[androidx.profileinstaller:profileinstaller:1.4.0] AndroidManifest.xml:37:13-35
74            android:exported="true"
74-->[androidx.profileinstaller:profileinstaller:1.4.0] AndroidManifest.xml:38:13-36
75            android:permission="android.permission.DUMP" >
75-->[androidx.profileinstaller:profileinstaller:1.4.0] AndroidManifest.xml:39:13-57
76            <intent-filter>
76-->[androidx.profileinstaller:profileinstaller:1.4.0] AndroidManifest.xml:40:13-42:29
77                <action android:name="androidx.profileinstaller.action.INSTALL_PROFILE" />
77-->[androidx.profileinstaller:profileinstaller:1.4.0] AndroidManifest.xml:41:17-91
77-->[androidx.profileinstaller:profileinstaller:1.4.0] AndroidManifest.xml:41:25-88
78            </intent-filter>
79            <intent-filter>
79-->[androidx.profileinstaller:profileinstaller:1.4.0] AndroidManifest.xml:43:13-45:29
80                <action android:name="androidx.profileinstaller.action.SKIP_FILE" />
80-->[androidx.profileinstaller:profileinstaller:1.4.0] AndroidManifest.xml:44:17-85
80-->[androidx.profileinstaller:profileinstaller:1.4.0] AndroidManifest.xml:44:25-82
81            </intent-filter>
82            <intent-filter>
82-->[androidx.profileinstaller:profileinstaller:1.4.0] AndroidManifest.xml:46:13-48:29
83                <action android:name="androidx.profileinstaller.action.SAVE_PROFILE" />
83-->[androidx.profileinstaller:profileinstaller:1.4.0] AndroidManifest.xml:47:17-88
83-->[androidx.profileinstaller:profileinstaller:1.4.0] AndroidManifest.xml:47:25-85
84            </intent-filter>
85            <intent-filter>
85-->[androidx.profileinstaller:profileinstaller:1.4.0] AndroidManifest.xml:49:13-51:29
86                <action android:name="androidx.profileinstaller.action.BENCHMARK_OPERATION" />
86-->[androidx.profileinstaller:profileinstaller:1.4.0] AndroidManifest.xml:50:17-95
86-->[androidx.profileinstaller:profileinstaller:1.4.0] AndroidManifest.xml:50:25-92
87            </intent-filter>
88        </receiver>
89    </application>
90
91</manifest>